<?xml version="1.0" encoding="UTF-8"?>
<!-- Generated by org.testng.reporters.JUnitReportReporter -->
<testsuite hostname="K-MOHON-L1" failures="0" tests="10" name="com.konasl.dfs.tests.LoginTest" time="15.175" errors="0" timestamp="11 Jan 2021 05:28:38 GMT" skipped="1">
  <testcase classname="com.konasl.dfs.tests.LoginTest" name="doLoginTest" time="0.368"/>
  <testcase classname="com.konasl.dfs.tests.LoginTest" name="doLoginTest" time="2.667"/>
  <testcase classname="com.konasl.dfs.tests.LoginTest" name="doLoginTest" time="0.700"/>
  <testcase classname="com.konasl.dfs.tests.LoginTest" name="doLoginTest" time="8.073"/>
  <testcase classname="com.konasl.dfs.tests.LoginTest" name="doLoginTest" time="0.458"/>
  <testcase classname="com.konasl.dfs.tests.LoginTest" name="doLoginTest" time="0.436"/>
  <testcase classname="com.konasl.dfs.tests.LoginTest" name="doLoginTest" time="0.470"/>
  <testcase classname="com.konasl.dfs.tests.LoginTest" name="doLoginTest" time="1.185"/>
  <testcase classname="com.konasl.dfs.tests.LoginTest" name="doLoginTest" time="0.818"/>
  <testcase classname="com.konasl.dfs.tests.LoginTest" name="verifyLoginPageTitleTest">
    <skipped/>
  </testcase> <!-- verifyLoginPageTitleTest -->
</testsuite> <!-- com.konasl.dfs.tests.LoginTest -->
