<?xml version="1.0" encoding="UTF-8"?>
<!-- Generated by org.testng.reporters.JUnitReportReporter -->
<testsuite hostname="K-Chisty-D1" failures="0" tests="2" name="com.konasl.dfs.tests.BalanceTest" time="12.023" errors="1" timestamp="12 Jan 2021 13:11:12 GMT" skipped="0">
  <testcase classname="com.konasl.dfs.tests.BalanceTest" name="checkBalance" time="5.530">
    <error message="empty String" type="java.lang.NumberFormatException">
      <![CDATA[java.lang.NumberFormatException: empty String
at java.base/jdk.internal.math.FloatingDecimal.readJavaFormatString(FloatingDecimal.java:1842)
at java.base/jdk.internal.math.FloatingDecimal.parseDouble(FloatingDecimal.java:110)
at java.base/java.lang.Double.parseDouble(Double.java:549)
at com.konasl.dfs.pages.HomePage.getBalanceAmount(HomePage.java:62)
at com.konasl.dfs.pages.HomePage.checkBalance(HomePage.java:70)
at com.konasl.dfs.tests.BalanceTest.checkBalance(BalanceTest.java:21)
at java.base/jdk.internal.reflect.NativeMethodAccessorImpl.invoke0(Native Method)
at java.base/jdk.internal.reflect.NativeMethodAccessorImpl.invoke(NativeMethodAccessorImpl.java:64)
at java.base/jdk.internal.reflect.DelegatingMethodAccessorImpl.invoke(DelegatingMethodAccessorImpl.java:43)
at java.base/java.lang.reflect.Method.invoke(Method.java:564)
at org.testng.internal.MethodInvocationHelper.invokeMethod(MethodInvocationHelper.java:124)
at org.testng.internal.Invoker.invokeMethod(Invoker.java:583)
at org.testng.internal.Invoker.invokeTestMethod(Invoker.java:719)
at org.testng.internal.Invoker.invokeTestMethods(Invoker.java:989)
at org.testng.internal.TestMethodWorker.invokeTestMethods(TestMethodWorker.java:125)
at org.testng.internal.TestMethodWorker.run(TestMethodWorker.java:109)
at java.base/java.util.concurrent.ThreadPoolExecutor.runWorker(ThreadPoolExecutor.java:1130)
at java.base/java.util.concurrent.ThreadPoolExecutor$Worker.run(ThreadPoolExecutor.java:630)
at java.base/java.lang.Thread.run(Thread.java:832)
]]>
    </error>
  </testcase> <!-- checkBalance -->
  <testcase classname="com.konasl.dfs.tests.BalanceTest" name="checkBalance" time="6.493"/>
</testsuite> <!-- com.konasl.dfs.tests.BalanceTest -->
